# JRE version: OpenJDK Runtime Environment (8.0_242-b01) (build 1.8.0_242-release-1644-b01)
# Java VM: OpenJDK 64-Bit Server VM (25.242-b01 mixed mode windows-amd64 compressed oops)
Heap:
 PSYoungGen      total 136192K, used 136190K [0x00000000d5580000, 0x00000000df480000, 0x0000000100000000)
  eden space 124416K, 100% used [0x00000000d5580000,0x00000000dcf00000,0x00000000dcf00000)
  from space 11776K, 99% used [0x00000000dcf00000,0x00000000dda7f980,0x00000000dda80000)
  to   space 14336K, 99% used [0x00000000de680000,0x00000000df47d320,0x00000000df480000)
 ParOldGen       total 100352K, used 21747K [0x0000000080000000, 0x0000000086200000, 0x00000000d5580000)
  object space 100352K, 21% used [0x0000000080000000,0x000000008153cce0,0x0000000086200000)
 Metaspace       used 55895K, capacity 58384K, committed 58712K, reserved 1099776K
  class space    used 7451K, capacity 7938K, committed 8064K, reserved 1048576K
GC Heap History (10 events):
Event: 3.931 GC heap after
Heap after GC invocations=9 (full 1):
 PSYoungGen      total 106496K, used 10120K [0x00000000d5580000, 0x00000000dcc00000, 0x0000000100000000)
  eden space 96256K, 0% used [0x00000000d5580000,0x00000000d5580000,0x00000000db380000)
  from space 10240K, 98% used [0x00000000dbf00000,0x00000000dc8e2030,0x00000000dc900000)
  to   space 11776K, 0% used [0x00000000db380000,0x00000000db380000,0x00000000dbf00000)
 ParOldGen       total 64000K, used 10468K [0x0000000080000000, 0x0000000083e80000, 0x00000000d5580000)
  object space 64000K, 16% used [0x0000000080000000,0x0000000080a390e0,0x0000000083e80000)
 Metaspace       used 33081K, capacity 34288K, committed 34560K, reserved 1079296K
  class space    used 4479K, capacity 4785K, committed 4864K, reserved 1048576K
}
Event: 4.181 GC heap before
{Heap before GC invocations=10 (full 1):
 PSYoungGen      total 106496K, used 33834K [0x00000000d5580000, 0x00000000dcc00000, 0x0000000100000000)
  eden space 96256K, 24% used [0x00000000d5580000,0x00000000d6ca8900,0x00000000db380000)
  from space 10240K, 98% used [0x00000000dbf00000,0x00000000dc8e2030,0x00000000dc900000)
  to   space 11776K, 0% used [0x00000000db380000,0x00000000db380000,0x00000000dbf00000)
 ParOldGen       total 64000K, used 10468K [0x0000000080000000, 0x0000000083e80000, 0x00000000d5580000)
  object space 64000K, 16% used [0x0000000080000000,0x0000000080a390e0,0x0000000083e80000)
 Metaspace       used 34012K, capacity 35262K, committed 35416K, reserved 1079296K
  class space    used 4589K, capacity 4884K, committed 4992K, reserved 1048576K
Event: 4.188 GC heap after
Heap after GC invocations=10 (full 1):
 PSYoungGen      total 108032K, used 8010K [0x00000000d5580000, 0x00000000de800000, 0x0000000100000000)
  eden space 96256K, 0% used [0x00000000d5580000,0x00000000d5580000,0x00000000db380000)
  from space 11776K, 68% used [0x00000000db380000,0x00000000dbb528b0,0x00000000dbf00000)
  to   space 11264K, 0% used [0x00000000ddd00000,0x00000000ddd00000,0x00000000de800000)
 ParOldGen       total 64000K, used 10476K [0x0000000080000000, 0x0000000083e80000, 0x00000000d5580000)
  object space 64000K, 16% used [0x0000000080000000,0x0000000080a3b0e0,0x0000000083e80000)
 Metaspace       used 34012K, capacity 35262K, committed 35416K, reserved 1079296K
  class space    used 4589K, capacity 4884K, committed 4992K, reserved 1048576K
}
Event: 4.188 GC heap before
{Heap before GC invocations=11 (full 2):
 PSYoungGen      total 108032K, used 8010K [0x00000000d5580000, 0x00000000de800000, 0x0000000100000000)
  eden space 96256K, 0% used [0x00000000d5580000,0x00000000d5580000,0x00000000db380000)
  from space 11776K, 68% used [0x00000000db380000,0x00000000dbb528b0,0x00000000dbf00000)
  to   space 11264K, 0% used [0x00000000ddd00000,0x00000000ddd00000,0x00000000de800000)
 ParOldGen       total 64000K, used 10476K [0x0000000080000000, 0x0000000083e80000, 0x00000000d5580000)
  object space 64000K, 16% used [0x0000000080000000,0x0000000080a3b0e0,0x0000000083e80000)
 Metaspace       used 34012K, capacity 35262K, committed 35416K, reserved 1079296K
  class space    used 4589K, capacity 4884K, committed 4992K, reserved 1048576K
Event: 4.275 GC heap after
Heap after GC invocations=11 (full 2):
 PSYoungGen      total 108032K, used 0K [0x00000000d5580000, 0x00000000de800000, 0x0000000100000000)
  eden space 96256K, 0% used [0x00000000d5580000,0x00000000d5580000,0x00000000db380000)
  from space 11776K, 0% used [0x00000000db380000,0x00000000db380000,0x00000000dbf00000)
  to   space 11264K, 0% used [0x00000000ddd00000,0x00000000ddd00000,0x00000000de800000)
 ParOldGen       total 100352K, used 14426K [0x0000000080000000, 0x0000000086200000, 0x00000000d5580000)
  object space 100352K, 14% used [0x0000000080000000,0x0000000080e16a88,0x0000000086200000)
 Metaspace       used 34012K, capacity 35262K, committed 35416K, reserved 1079296K
  class space    used 4589K, capacity 4884K, committed 4992K, reserved 1048576K
}
Event: 5.474 GC heap before
{Heap before GC invocations=12 (full 2):
 PSYoungGen      total 108032K, used 96256K [0x00000000d5580000, 0x00000000de800000, 0x0000000100000000)
  eden space 96256K, 100% used [0x00000000d5580000,0x00000000db380000,0x00000000db380000)
  from space 11776K, 0% used [0x00000000db380000,0x00000000db380000,0x00000000dbf00000)
  to   space 11264K, 0% used [0x00000000ddd00000,0x00000000ddd00000,0x00000000de800000)
 ParOldGen       total 100352K, used 14426K [0x0000000080000000, 0x0000000086200000, 0x00000000d5580000)
  object space 100352K, 14% used [0x0000000080000000,0x0000000080e16a88,0x0000000086200000)
 Metaspace       used 38267K, capacity 39928K, committed 40152K, reserved 1083392K
  class space    used 5261K, capacity 5601K, committed 5632K, reserved 1048576K
Event: 5.483 GC heap after
Heap after GC invocations=12 (full 2):
 PSYoungGen      total 123392K, used 9193K [0x00000000d5580000, 0x00000000de600000, 0x0000000100000000)
  eden space 114176K, 0% used [0x00000000d5580000,0x00000000d5580000,0x00000000dc500000)
  from space 9216K, 99% used [0x00000000ddd00000,0x00000000de5fa5b8,0x00000000de600000)
  to   space 11776K, 0% used [0x00000000dcf00000,0x00000000dcf00000,0x00000000dda80000)
 ParOldGen       total 100352K, used 14434K [0x0000000080000000, 0x0000000086200000, 0x00000000d5580000)
  object space 100352K, 14% used [0x0000000080000000,0x0000000080e18a88,0x0000000086200000)
 Metaspace       used 38267K, capacity 39928K, committed 40152K, reserved 1083392K
  class space    used 5261K, capacity 5601K, committed 5632K, reserved 1048576K
}
Event: 6.702 GC heap before
{Heap before GC invocations=13 (full 2):
 PSYoungGen      total 123392K, used 123369K [0x00000000d5580000, 0x00000000de600000, 0x0000000100000000)
  eden space 114176K, 100% used [0x00000000d5580000,0x00000000dc500000,0x00000000dc500000)
  from space 9216K, 99% used [0x00000000ddd00000,0x00000000de5fa5b8,0x00000000de600000)
  to   space 11776K, 0% used [0x00000000dcf00000,0x00000000dcf00000,0x00000000dda80000)
 ParOldGen       total 100352K, used 14434K [0x0000000080000000, 0x0000000086200000, 0x00000000d5580000)
  object space 100352K, 14% used [0x0000000080000000,0x0000000080e18a88,0x0000000086200000)
 Metaspace       used 46764K, capacity 48908K, committed 49240K, reserved 1091584K
  class space    used 6328K, capacity 6764K, committed 6784K, reserved 1048576K
Event: 6.716 GC heap after
Heap after GC invocations=13 (full 2):
 PSYoungGen      total 136192K, used 11774K [0x00000000d5580000, 0x00000000df480000, 0x0000000100000000)
  eden space 124416K, 0% used [0x00000000d5580000,0x00000000d5580000,0x00000000dcf00000)
  from space 11776K, 99% used [0x00000000dcf00000,0x00000000dda7f980,0x00000000dda80000)
  to   space 14336K, 0% used [0x00000000de680000,0x00000000de680000,0x00000000df480000)
 ParOldGen       total 100352K, used 18099K [0x0000000080000000, 0x0000000086200000, 0x00000000d5580000)
  object space 100352K, 18% used [0x0000000080000000,0x00000000811acc60,0x0000000086200000)
 Metaspace       used 46764K, capacity 48908K, committed 49240K, reserved 1091584K
  class space    used 6328K, capacity 6764K, committed 6784K, reserved 1048576K
}
Event: 7.909 GC heap before
{Heap before GC invocations=14 (full 2):
 PSYoungGen      total 136192K, used 136190K [0x00000000d5580000, 0x00000000df480000, 0x0000000100000000)
  eden space 124416K, 100% used [0x00000000d5580000,0x00000000dcf00000,0x00000000dcf00000)
  from space 11776K, 99% used [0x00000000dcf00000,0x00000000dda7f980,0x00000000dda80000)
  to   space 14336K, 0% used [0x00000000de680000,0x00000000de680000,0x00000000df480000)
 ParOldGen       total 100352K, used 18099K [0x0000000080000000, 0x0000000086200000, 0x00000000d5580000)
  object space 100352K, 18% used [0x0000000080000000,0x00000000811acc60,0x0000000086200000)
 Metaspace       used 55895K, capacity 58384K, committed 58712K, reserved 1099776K
  class space    used 7451K, capacity 7938K, committed 8064K, reserved 1048576K

